---------------------------------------
Begin Slurm Prolog: Dec-01-2024 15:58:11
Job ID:    999869
User ID:   ayou31
Account:   coc
Job name:  HGX_H100_Example
Partition: ice-gpu
---------------------------------------
/home/hice1/ayou31/.local/lib/python3.10/site-packages/s3prl/upstream/byol_s/byol_a/common.py:20: UserWarning: torchaudio._backend.set_audio_backend has been deprecated. With dispatcher enabled, this function is no-op. You can remove the function call.
  torchaudio.set_audio_backend("sox_io")
ESPnet is not installed, cannot use espnet_hubert upstream
Traceback (most recent call last):
  File "/storage/ice1/1/7/ayou31/ITW_AudioSpoof/train_samo.py", line 272, in <module>
    main(args)
  File "/storage/ice1/1/7/ayou31/ITW_AudioSpoof/train_samo.py", line 57, in main
    model = get_model(model_config, device)
  File "/storage/ice1/1/7/ayou31/ITW_AudioSpoof/utils.py", line 166, in get_model
    model = _model(model_config).to(device)
  File "/storage/ice1/1/7/ayou31/ITW_AudioSpoof/models/SSL.py", line 417, in __init__
    self.ssl_model = SSLModel()
  File "/storage/ice1/1/7/ayou31/ITW_AudioSpoof/models/SSL.py", line 18, in __init__
    self.model = getattrb(hub, "wavlm_large")()
NameError: name 'getattrb' is not defined. Did you mean: 'getattr'?
srun: error: atl1-1-03-013-13-0: task 0: Exited with exit code 1
---------------------------------------
Begin Slurm Epilog: Dec-01-2024 15:58:23
Job ID:        999869
Array Job ID:  _4294967294
User ID:       ayou31
Account:       coc
Job name:      HGX_H100_Example
Resources:     cpu=1,gres/gpu:h100=1,mem=224G,node=1
Rsrc Used:     cput=00:00:12,vmem=0,walltime=00:00:12,mem=1308K,energy_used=0
Partition:     ice-gpu
Nodes:         atl1-1-03-013-13-0
---------------------------------------
