---------------------------------------
Begin Slurm Prolog: Dec-01-2024 13:37:43
Job ID:    998047
User ID:   ayou31
Account:   coc
Job name:  HGX_H100_Example
Partition: ice-gpu
---------------------------------------

CondaError: Run 'conda init' before 'conda deactivate'

Traceback (most recent call last):
  File "/storage/ice1/1/7/ayou31/ITW_AudioSpoof/eval_samo.py", line 184, in <module>
    main(args)
  File "/storage/ice1/1/7/ayou31/ITW_AudioSpoof/eval_samo.py", line 163, in main
    eval_model(args)
  File "/storage/ice1/1/7/ayou31/ITW_AudioSpoof/eval_samo.py", line 32, in eval_model
    device = torch.device(f"cuda:{args.gpu}" if torch.cuda.is_available() else "cpu")
AttributeError: 'Namespace' object has no attribute 'gpu'
srun: error: atl1-1-03-012-18-0: task 0: Exited with exit code 1
---------------------------------------
Begin Slurm Epilog: Dec-01-2024 13:37:54
Job ID:        998047
Array Job ID:  _4294967294
User ID:       ayou31
Account:       coc
Job name:      HGX_H100_Example
Resources:     cpu=1,gres/gpu:h100=1,mem=224G,node=1
Rsrc Used:     cput=00:00:12,vmem=0,walltime=00:00:12,mem=896K,energy_used=0
Partition:     ice-gpu
Nodes:         atl1-1-03-012-18-0
---------------------------------------
